<?xml version="1.0" encoding="UTF-8"?>
<!-- Generated by org.testng.reporters.JUnitReportReporter -->
<testsuite hostname="PMAHAJA2-M-M4GK" failures="0" tests="1" name="com.myapp.tests.LoginTest" time="14.995" errors="0" timestamp="2024-07-07T18:20:42 IST" skipped="0">
  <testcase classname="com.myapp.tests.LoginTest" name="testLogin" time="14.995"/>
</testsuite> <!-- com.myapp.tests.LoginTest -->
