<?xml version="1.0" encoding="UTF-8"?>
<!-- Generated by org.testng.reporters.JUnitReportReporter -->
<testsuite hostname="PMAHAJA2-M-M4GK" failures="0" tests="1" name="com.myapp.tests.LoginTest" time="14.984" errors="0" timestamp="2024-07-08T17:43:29 IST" skipped="0">
  <testcase classname="com.myapp.tests.LoginTest" name="testLogin" time="14.984"/>
</testsuite> <!-- com.myapp.tests.LoginTest -->
