<?xml version="1.0" encoding="UTF-8"?>
<!-- Generated by org.testng.reporters.JUnitReportReporter -->
<testsuite hostname="DESKTOP-LHNGHA8" failures="0" tests="1" name="com.myapp.tests.RegisterUserTest" time="68.516" errors="0" timestamp="2024-06-30T03:00:17 IST" skipped="0">
  <testcase classname="com.myapp.tests.RegisterUserTest" name="registerUser" time="68.516"/>
</testsuite> <!-- com.myapp.tests.RegisterUserTest -->
