<?xml version="1.0" encoding="UTF-8"?>
<!-- Generated by org.testng.reporters.JUnitReportReporter -->
<testsuite hostname="DESKTOP-LHNGHA8" failures="0" tests="1" name="com.myapp.tests.RegisterUserTest" time="51.739" errors="0" timestamp="2024-07-25T00:19:46 IST" skipped="0">
  <testcase classname="com.myapp.tests.RegisterUserTest" name="registerUser" time="51.739"/>
</testsuite> <!-- com.myapp.tests.RegisterUserTest -->
