<?xml version="1.0" encoding="UTF-8"?>
<!-- Generated by org.testng.reporters.JUnitReportReporter -->
<testsuite hostname="DESKTOP-LHNGHA8" failures="0" tests="1" name="com.myapp.tests.ContactUsTest" time="9.584" errors="0" timestamp="2024-07-21T14:24:04 IST" skipped="0">
  <testcase classname="com.myapp.tests.ContactUsTest" name="contactUsTest" time="9.584"/>
</testsuite> <!-- com.myapp.tests.ContactUsTest -->
